/home/<ANONYMOUS>/code/ReVeal/getset_root.py:6: DtypeWarning: Columns (20,22,23,27,28,29) have mixed types. Specify dtype option on import or set low_memory=False.
  msr_df = pd.read_csv("data/MSR/MSR_data_cleaned.csv", index_col=0)
82 deduplicated between Devign and MSR
41 10031 0.0531764880510613 188636
46 10014 0.05308636739540703 188636
24 13391 0.07098857058037703 188636
50 10035 0.053197692911215254 188636
74 10016 0.053096969825484 188636
69 10726 0.05686083250280964 188636
cross-project split counts:
              0       1       2       3       4       5
split                                                  
train    158574  158608  151854  158566  158604  157184
test      10031   10014   13391   10035   10016   10726
valid     10000   10000   10000   10000   10000   10000
holdout   10031   10014   13391   10035   10016   10726
cross-project split counts (normalized):
                0         1         2         3         4         5
split                                                              
train    0.840635  0.840815  0.805011  0.840592  0.840794  0.833266
test     0.053176  0.053086  0.070989  0.053198  0.053097  0.056861
valid    0.053012  0.053012  0.053012  0.053012  0.053012  0.053012
holdout  0.053176  0.053086  0.070989  0.053198  0.053097  0.056861
project-diversity split counts:
                          0      1      2      3      4      5
(non-diverse, train)  67173  67173  67173  67173  67173  67173
(non-diverse, valid)  10000  10000  10000  10000  10000  10000
(diverse, train)      67173  67173  67173  67173  67173  67173
(diverse, valid)      10000  10000  10000  10000  10000  10000
holdout               10031  10014  13391  10035  10016  10726
project-diversity split counts (normalized):
                             0         1  ...         4         5
(non-diverse, train)  0.408652  0.408694  ...  0.408689  0.406932
(non-diverse, valid)  0.060836  0.060842  ...  0.060841  0.060580
(diverse, train)      0.408652  0.408694  ...  0.408689  0.406932
(diverse, valid)      0.060836  0.060842  ...  0.060841  0.060580
holdout               0.061024  0.060927  ...  0.060939  0.064978

[5 rows x 6 columns]
check folds:   0%|          | 0/6 [00:00<?, ?it/s]check folds:  17%|█▋        | 1/6 [00:01<00:06,  1.27s/it]check folds:  33%|███▎      | 2/6 [00:02<00:05,  1.39s/it]check folds:  50%|█████     | 3/6 [00:03<00:03,  1.26s/it]check folds:  67%|██████▋   | 4/6 [00:04<00:02,  1.20s/it]check folds:  83%|████████▎ | 5/6 [00:06<00:01,  1.17s/it]check folds: 100%|██████████| 6/6 [00:07<00:00,  1.23s/it]check folds: 100%|██████████| 6/6 [00:07<00:00,  1.23s/it]
cross_project_dataset
total: 199536
target
0    0.945373
1    0.054627
dtype: float64
holdout 10478
target
0    0.957339
1    0.042661
dtype: float64
test 10628
target
0    0.943828
1    0.056172
dtype: float64
train 167844
target
0    0.94477
1    0.05523
dtype: float64
valid 10586
target
0    0.944644
1    0.055356
dtype: float64
diverse_dataset
total: 92582
target
0    0.941911
1    0.058089
dtype: float64
holdout 10478
target
0    0.957339
1    0.042661
dtype: float64
train 71447
target
0    0.940179
1    0.059821
dtype: float64
valid 10657
target
0    0.93835
1    0.06165
dtype: float64
nondiverse_dataset
total: 91590
target
0    0.952113
1    0.047887
dtype: float64
holdout 10478
target
0    0.957339
1    0.042661
dtype: float64
train 70574
target
0    0.951809
1    0.048191
dtype: float64
valid 10538
target
0    0.948947
1    0.051053
dtype: float64
cross_project_dataset
total: 199536
target
0    0.945373
1    0.054627
dtype: float64
holdout 14943
target
0    0.896139
1    0.103861
dtype: float64
test 14107
target
0    0.949245
1    0.050755
dtype: float64
train 159907
target
0    0.949639
1    0.050361
dtype: float64
valid 10579
target
0    0.945269
1    0.054731
dtype: float64
diverse_dataset
total: 96352
target
0    0.939929
1    0.060071
dtype: float64
holdout 14943
target
0    0.896139
1    0.103861
dtype: float64
train 70892
target
0    0.94754
1    0.05246
dtype: float64
valid 10517
target
0    0.950841
1    0.049159
dtype: float64
nondiverse_dataset
total: 96055
target
0    0.942835
1    0.057165
dtype: float64
holdout 14943
target
0    0.896139
1    0.103861
dtype: float64
train 70574
target
0    0.951809
1    0.048191
dtype: float64
valid 10538
target
0    0.948947
1    0.051053
dtype: float64
cross_project_dataset
total: 199536
target
0    0.945373
1    0.054627
dtype: float64
holdout 10782
target
0    0.92877
1    0.07123
dtype: float64
test 10595
target
0    0.945163
1    0.054837
dtype: float64
train 167590
target
0    0.946405
1    0.053595
dtype: float64
valid 10569
target
0    0.946163
1    0.053837
dtype: float64
diverse_dataset
total: 92661
target
0    0.940924
1    0.059076
dtype: float64
holdout 10782
target
0    0.92877
1    0.07123
dtype: float64
train 71294
target
0    0.942197
1    0.057803
dtype: float64
valid 10585
target
0    0.944733
1    0.055267
dtype: float64
nondiverse_dataset
total: 91894
target
0    0.948778
1    0.051222
dtype: float64
holdout 10782
target
0    0.92877
1    0.07123
dtype: float64
train 70574
target
0    0.951809
1    0.048191
dtype: float64
valid 10538
target
0    0.948947
1    0.051053
dtype: float64
cross_project_dataset
total: 199536
target
0    0.945373
1    0.054627
dtype: float64
holdout 11512
target
0    0.931723
1    0.068277
dtype: float64
test 11343
target
0    0.945605
1    0.054395
dtype: float64
train 166139
target
0    0.946099
1    0.053901
dtype: float64
valid 10542
target
0    0.948587
1    0.051413
dtype: float64
diverse_dataset
total: 93405
target
0    0.941052
1    0.058948
dtype: float64
holdout 11512
target
0    0.931723
1    0.068277
dtype: float64
train 71262
target
0    0.94262
1    0.05738
dtype: float64
valid 10631
target
0    0.940645
1    0.059355
dtype: float64
nondiverse_dataset
total: 92624
target
0    0.948987
1    0.051013
dtype: float64
holdout 11512
target
0    0.931723
1    0.068277
dtype: float64
train 70574
target
0    0.951809
1    0.048191
dtype: float64
valid 10538
target
0    0.948947
1    0.051053
dtype: float64
cross_project_dataset
total: 199536
target
0    0.945373
1    0.054627
dtype: float64
holdout 10715
target
0    0.936538
1    0.063462
dtype: float64
test 10588
target
0    0.947771
1    0.052229
dtype: float64
train 167655
target
0    0.945787
1    0.054213
dtype: float64
valid 10578
target
0    0.945358
1    0.054642
dtype: float64
diverse_dataset
total: 92662
target
0    0.941141
1    0.058859
dtype: float64
holdout 10715
target
0    0.936538
1    0.063462
dtype: float64
train 71329
target
0    0.941735
1    0.058265
dtype: float64
valid 10618
target
0    0.941797
1    0.058203
dtype: float64
nondiverse_dataset
total: 91827
target
0    0.949699
1    0.050301
dtype: float64
holdout 10715
target
0    0.936538
1    0.063462
dtype: float64
train 70574
target
0    0.951809
1    0.048191
dtype: float64
valid 10538
target
0    0.948947
1    0.051053
dtype: float64
cross_project_dataset
total: 199536
target
0    0.945373
1    0.054627
dtype: float64
holdout 10773
target
0    0.929732
1    0.070268
dtype: float64
test 10578
target
0    0.946871
1    0.053129
dtype: float64
train 167617
target
0    0.946229
1    0.053771
dtype: float64
valid 10568
target
0    0.946253
1    0.053747
dtype: float64
diverse_dataset
total: 92675
target
0    0.940804
1    0.059196
dtype: float64
holdout 10773
target
0    0.929732
1    0.070268
dtype: float64
train 71290
target
0    0.94225
1    0.05775
dtype: float64
valid 10612
target
0    0.942329
1    0.057671
dtype: float64
nondiverse_dataset
total: 91885
target
0    0.948893
1    0.051107
dtype: float64
holdout 10773
target
0    0.929732
1    0.070268
dtype: float64
train 70574
target
0    0.951809
1    0.048191
dtype: float64
valid 10538
target
0    0.948947
1    0.051053
dtype: float64
